UniversalMusicPlayer/mobile/build/outputs/logs/manifest-merger-debug-report.txt
-- Merging decision tree log ---
manifest
ADDED from src\main\AndroidManifest.xml:17:1-169:12
	package
		ADDED from src\main\AndroidManifest.xml:19:5-39
		INJECTED from src\main\AndroidManifest.xml
		INJECTED from src\main\AndroidManifest.xml
	android:versionName
		INJECTED from src\main\AndroidManifest.xml
		INJECTED from src\main\AndroidManifest.xml
	xmlns:tools
		ADDED from src\main\AndroidManifest.xml:18:5-51
	xmlns:android
		ADDED from src\main\AndroidManifest.xml:17:11-69
	android:versionCode
		INJECTED from src\main\AndroidManifest.xml
		INJECTED from src\main\AndroidManifest.xml
uses-permission#android.permission.INTERNET
ADDED from src\main\AndroidManifest.xml:21:5-67
	android:name
		ADDED from src\main\AndroidManifest.xml:21:22-64
uses-permission#android.permission.WAKE_LOCK
ADDED from src\main\AndroidManifest.xml:22:5-68
	android:name
		ADDED from src\main\AndroidManifest.xml:22:22-65
uses-permission#android.permission.ACCESS_WIFI_STATE
ADDED from src\main\AndroidManifest.xml:23:5-76
MERGED from [com.google.android.libraries.cast.companionlibrary:ccl:2.8.1] AndroidManifest.xml:26:5-76
	android:name
		ADDED from src\main\AndroidManifest.xml:23:22-73
uses-permission#android.permission.ACCESS_NETWORK_STATE
ADDED from src\main\AndroidManifest.xml:24:5-79
	android:name
		ADDED from src\main\AndroidManifest.xml:24:22-76
uses-feature#android.software.leanback
ADDED from src\main\AndroidManifest.xml:28:5-30:36
	android:required
		ADDED from src\main\AndroidManifest.xml:30:9-33
	android:name
		ADDED from src\main\AndroidManifest.xml:29:9-49
uses-feature#android.hardware.touchscreen
ADDED from src\main\AndroidManifest.xml:31:5-33:36
	android:required
		ADDED from src\main\AndroidManifest.xml:33:9-33
	android:name
		ADDED from src\main\AndroidManifest.xml:32:9-52
application
ADDED from src\main\AndroidManifest.xml:35:5-167:19
MERGED from [com.google.android.gms:play-services-cast:8.4.0] AndroidManifest.xml:19:5-20
MERGED from [com.google.android.gms:play-services-basement:8.4.0] AndroidManifest.xml:20:5-24:19
MERGED from [com.android.support:support-v4:23.2.0] AndroidManifest.xml:22:5-20
MERGED from [com.android.support:mediarouter-v7:23.2.0] AndroidManifest.xml:22:5-20
MERGED from [com.android.support:appcompat-v7:23.2.0] AndroidManifest.xml:25:5-20
MERGED from [com.android.support:support-v4:23.2.0] AndroidManifest.xml:22:5-20
MERGED from [com.android.support:animated-vector-drawable:23.2.0] AndroidManifest.xml:7:5-20
MERGED from [com.android.support:support-vector-drawable:23.2.0] AndroidManifest.xml:7:5-20
MERGED from [com.android.support:support-v4:23.2.0] AndroidManifest.xml:22:5-20
MERGED from [com.android.support:support-vector-drawable:23.2.0] AndroidManifest.xml:7:5-20
MERGED from [com.android.support:support-v4:23.2.0] AndroidManifest.xml:22:5-20
MERGED from [com.android.support:palette-v7:23.2.0] AndroidManifest.xml:22:5-23:19
MERGED from [com.android.support:support-v4:23.2.0] AndroidManifest.xml:22:5-20
MERGED from [com.google.android.support:wearable:1.3.0] AndroidManifest.xml:8:5-20
MERGED from [com.android.support:support-v4:23.2.0] AndroidManifest.xml:22:5-20
MERGED from [com.android.support:support-v4:23.2.0] AndroidManifest.xml:22:5-20
MERGED from [com.android.support:appcompat-v7:23.2.0] AndroidManifest.xml:25:5-20
MERGED from [com.android.support:support-v4:23.2.0] AndroidManifest.xml:22:5-20
MERGED from [com.android.support:animated-vector-drawable:23.2.0] AndroidManifest.xml:7:5-20
MERGED from [com.android.support:support-vector-drawable:23.2.0] AndroidManifest.xml:7:5-20
MERGED from [com.android.support:support-v4:23.2.0] AndroidManifest.xml:22:5-20
MERGED from [com.android.support:support-vector-drawable:23.2.0] AndroidManifest.xml:7:5-20
MERGED from [com.android.support:support-v4:23.2.0] AndroidManifest.xml:22:5-20
MERGED from [com.android.support:cardview-v7:23.2.0] AndroidManifest.xml:22:5-20
MERGED from [com.android.support:mediarouter-v7:23.2.0] AndroidManifest.xml:22:5-20
MERGED from [com.android.support:appcompat-v7:23.2.0] AndroidManifest.xml:25:5-20
MERGED from [com.android.support:support-v4:23.2.0] AndroidManifest.xml:22:5-20
MERGED from [com.android.support:animated-vector-drawable:23.2.0] AndroidManifest.xml:7:5-20
MERGED from [com.android.support:support-vector-drawable:23.2.0] AndroidManifest.xml:7:5-20
MERGED from [com.android.support:support-v4:23.2.0] AndroidManifest.xml:22:5-20
MERGED from [com.android.support:support-vector-drawable:23.2.0] AndroidManifest.xml:7:5-20
MERGED from [com.android.support:support-v4:23.2.0] AndroidManifest.xml:22:5-20
MERGED from [com.android.support:palette-v7:23.2.0] AndroidManifest.xml:22:5-23:19
MERGED from [com.android.support:support-v4:23.2.0] AndroidManifest.xml:22:5-20
MERGED from [com.android.support:leanback-v17:23.2.0] AndroidManifest.xml:22:5-20
MERGED from [com.android.support:support-v4:23.2.0] AndroidManifest.xml:22:5-20
MERGED from [com.android.support:support-v4:23.2.0] AndroidManifest.xml:22:5-20
MERGED from [com.android.support:mediarouter-v7:23.2.0] AndroidManifest.xml:22:5-20
MERGED from [com.android.support:appcompat-v7:23.2.0] AndroidManifest.xml:25:5-20
MERGED from [com.android.support:support-v4:23.2.0] AndroidManifest.xml:22:5-20
MERGED from [com.android.support:animated-vector-drawable:23.2.0] AndroidManifest.xml:7:5-20
MERGED from [com.android.support:support-vector-drawable:23.2.0] AndroidManifest.xml:7:5-20
MERGED from [com.android.support:support-v4:23.2.0] AndroidManifest.xml:22:5-20
MERGED from [com.android.support:support-vector-drawable:23.2.0] AndroidManifest.xml:7:5-20
MERGED from [com.android.support:support-v4:23.2.0] AndroidManifest.xml:22:5-20
MERGED from [com.android.support:palette-v7:23.2.0] AndroidManifest.xml:22:5-23:19
MERGED from [com.android.support:support-v4:23.2.0] AndroidManifest.xml:22:5-20
MERGED from [com.android.support:appcompat-v7:23.2.0] AndroidManifest.xml:25:5-20
MERGED from [com.android.support:support-v4:23.2.0] AndroidManifest.xml:22:5-20
MERGED from [com.android.support:animated-vector-drawable:23.2.0] AndroidManifest.xml:7:5-20
MERGED from [com.android.support:support-vector-drawable:23.2.0] AndroidManifest.xml:7:5-20
MERGED from [com.android.support:support-v4:23.2.0] AndroidManifest.xml:22:5-20
MERGED from [com.android.support:support-vector-drawable:23.2.0] AndroidManifest.xml:7:5-20
MERGED from [com.android.support:support-v4:23.2.0] AndroidManifest.xml:22:5-20
MERGED from [com.google.android.gms:play-services-cast:8.4.0] AndroidManifest.xml:19:5-20
MERGED from [com.google.android.gms:play-services-basement:8.4.0] AndroidManifest.xml:20:5-24:19
MERGED from [com.android.support:support-v4:23.2.0] AndroidManifest.xml:22:5-20
MERGED from [com.android.support:mediarouter-v7:23.2.0] AndroidManifest.xml:22:5-20
MERGED from [com.android.support:appcompat-v7:23.2.0] AndroidManifest.xml:25:5-20
MERGED from [com.android.support:support-v4:23.2.0] AndroidManifest.xml:22:5-20
MERGED from [com.android.support:animated-vector-drawable:23.2.0] AndroidManifest.xml:7:5-20
MERGED from [com.android.support:support-vector-drawable:23.2.0] AndroidManifest.xml:7:5-20
MERGED from [com.android.support:support-v4:23.2.0] AndroidManifest.xml:22:5-20
MERGED from [com.android.support:support-vector-drawable:23.2.0] AndroidManifest.xml:7:5-20
MERGED from [com.android.support:support-v4:23.2.0] AndroidManifest.xml:22:5-20
MERGED from [com.android.support:palette-v7:23.2.0] AndroidManifest.xml:22:5-23:19
MERGED from [com.android.support:support-v4:23.2.0] AndroidManifest.xml:22:5-20
MERGED from [com.android.support:design:23.2.0] AndroidManifest.xml:22:5-20
MERGED from [com.android.support:support-v4:23.2.0] AndroidManifest.xml:22:5-20
MERGED from [com.android.support:appcompat-v7:23.2.0] AndroidManifest.xml:25:5-20
MERGED from [com.android.support:support-v4:23.2.0] AndroidManifest.xml:22:5-20
MERGED from [com.android.support:animated-vector-drawable:23.2.0] AndroidManifest.xml:7:5-20
MERGED from [com.android.support:support-vector-drawable:23.2.0] AndroidManifest.xml:7:5-20
MERGED from [com.android.support:support-v4:23.2.0] AndroidManifest.xml:22:5-20
MERGED from [com.android.support:support-vector-drawable:23.2.0] AndroidManifest.xml:7:5-20
MERGED from [com.android.support:support-v4:23.2.0] AndroidManifest.xml:22:5-20
MERGED from [com.android.support:support-v4:23.2.0] AndroidManifest.xml:22:5-20
	android:label
		ADDED from src\main\AndroidManifest.xml:39:9-41
	android:allowBackup
		ADDED from src\main\AndroidManifest.xml:37:9-35
	android:icon
		ADDED from src\main\AndroidManifest.xml:38:9-45
	android:banner
		ADDED from src\main\AndroidManifest.xml:41:9-45
	android:theme
		ADDED from src\main\AndroidManifest.xml:40:9-44
	android:name
		ADDED from src\main\AndroidManifest.xml:36:9-40
meta-data#com.google.android.gms.car.application
ADDED from src\main\AndroidManifest.xml:43:9-45:59
	android:resource
		ADDED from src\main\AndroidManifest.xml:45:13-56
	android:name
		ADDED from src\main\AndroidManifest.xml:44:13-66
meta-data#com.google.android.gms.version
ADDED from src\main\AndroidManifest.xml:46:9-48:69
MERGED from [com.google.android.gms:play-services-basement:8.4.0] AndroidManifest.xml:21:9-23:69
MERGED from [com.google.android.gms:play-services-basement:8.4.0] AndroidManifest.xml:21:9-23:69
	android:value
		ADDED from src\main\AndroidManifest.xml:48:13-66
	android:name
		ADDED from src\main\AndroidManifest.xml:47:13-58
activity#com.example.android.uamp.ui.MusicPlayerActivity
ADDED from src\main\AndroidManifest.xml:51:9-64:20
	android:label
		ADDED from src\main\AndroidManifest.xml:53:13-45
	android:name
		ADDED from src\main\AndroidManifest.xml:52:13-51
intent-filter#android.intent.action.MAIN+android.intent.category.LAUNCHER
ADDED from src\main\AndroidManifest.xml:54:13-57:29
action#android.intent.action.MAIN
ADDED from src\main\AndroidManifest.xml:55:17-69
	android:name
		ADDED from src\main\AndroidManifest.xml:55:25-66
category#android.intent.category.LAUNCHER
ADDED from src\main\AndroidManifest.xml:56:17-77
	android:name
		ADDED from src\main\AndroidManifest.xml:56:27-74
intent-filter#android.intent.category.DEFAULT+android.media.action.MEDIA_PLAY_FROM_SEARCH
ADDED from src\main\AndroidManifest.xml:60:13-63:29
action#android.media.action.MEDIA_PLAY_FROM_SEARCH
ADDED from src\main\AndroidManifest.xml:61:17-86
	android:name
		ADDED from src\main\AndroidManifest.xml:61:25-83
category#android.intent.category.DEFAULT
ADDED from src\main\AndroidManifest.xml:62:17-76
	android:name
		ADDED from src\main\AndroidManifest.xml:62:27-73
activity#com.example.android.uamp.ui.PlaceholderActivity
ADDED from src\main\AndroidManifest.xml:67:9-70:20
	android:label
		ADDED from src\main\AndroidManifest.xml:69:13-45
	android:name
		ADDED from src\main\AndroidManifest.xml:68:13-51
activity#com.example.android.uamp.ui.NowPlayingActivity
ADDED from src\main\AndroidManifest.xml:74:9-77:20
	android:icon
		ADDED from src\main\AndroidManifest.xml:76:13-49
	android:name
		ADDED from src\main\AndroidManifest.xml:75:13-50
activity#com.example.android.uamp.ui.tv.TvBrowseActivity
ADDED from src\main\AndroidManifest.xml:80:9-88:20
	android:label
		ADDED from src\main\AndroidManifest.xml:82:13-45
	android:theme
		ADDED from src\main\AndroidManifest.xml:83:13-57
	android:name
		ADDED from src\main\AndroidManifest.xml:81:13-51
intent-filter#android.intent.action.MAIN+android.intent.category.LEANBACK_LAUNCHER
ADDED from src\main\AndroidManifest.xml:84:13-87:29
category#android.intent.category.LEANBACK_LAUNCHER
ADDED from src\main\AndroidManifest.xml:86:17-86
	android:name
		ADDED from src\main\AndroidManifest.xml:86:27-83
activity#com.example.android.uamp.ui.tv.TvVerticalGridActivity
ADDED from src\main\AndroidManifest.xml:90:9-93:68
	android:parentActivityName
		ADDED from src\main\AndroidManifest.xml:93:13-65
	android:theme
		ADDED from src\main\AndroidManifest.xml:92:13-57
	android:name
		ADDED from src\main\AndroidManifest.xml:91:13-57
activity#com.example.android.uamp.ui.tv.TvPlaybackActivity
ADDED from src\main\AndroidManifest.xml:96:9-99:68
	android:parentActivityName
		ADDED from src\main\AndroidManifest.xml:99:13-65
	android:theme
		ADDED from src\main\AndroidManifest.xml:98:13-57
	android:name
		ADDED from src\main\AndroidManifest.xml:97:13-53
meta-data#com.google.android.gms.car.notification.SmallIcon
ADDED from src\main\AndroidManifest.xml:106:9-108:60
	android:resource
		ADDED from src\main\AndroidManifest.xml:108:13-57
	android:name
		ADDED from src\main\AndroidManifest.xml:107:13-77
meta-data#com.google.android.gms.car.application.theme
ADDED from src\main\AndroidManifest.xml:115:9-117:50
	android:resource
		ADDED from src\main\AndroidManifest.xml:117:13-47
	android:name
		ADDED from src\main\AndroidManifest.xml:116:13-72
meta-data#com.google.android.wearable.media.theme
ADDED from src\main\AndroidManifest.xml:125:9-127:51
	android:resource
		ADDED from src\main\AndroidManifest.xml:127:13-48
	android:name
		ADDED from src\main\AndroidManifest.xml:126:13-67
service#com.example.android.uamp.MusicService
ADDED from src\main\AndroidManifest.xml:132:9-139:19
	android:exported
		ADDED from src\main\AndroidManifest.xml:134:13-36
	tools:ignore
		ADDED from src\main\AndroidManifest.xml:135:13-43
	android:name
		ADDED from src\main\AndroidManifest.xml:133:13-41
intent-filter#android.media.browse.MediaBrowserService
ADDED from src\main\AndroidManifest.xml:136:13-138:29
action#android.media.browse.MediaBrowserService
ADDED from src\main\AndroidManifest.xml:137:17-83
	android:name
		ADDED from src\main\AndroidManifest.xml:137:25-80
service#com.google.android.libraries.cast.companionlibrary.cast.reconnection.ReconnectionService
ADDED from src\main\AndroidManifest.xml:142:9-143:118
	android:name
		ADDED from src\main\AndroidManifest.xml:143:13-116
activity#com.example.android.uamp.ui.FullScreenPlayerActivity
ADDED from src\main\AndroidManifest.xml:147:9-155:20
	android:label
		ADDED from src\main\AndroidManifest.xml:149:13-45
	android:parentActivityName
		ADDED from src\main\AndroidManifest.xml:151:13-65
	android:launchMode
		ADDED from src\main\AndroidManifest.xml:150:13-43
	android:name
		ADDED from src\main\AndroidManifest.xml:148:13-56
meta-data#android.support.PARENT_ACTIVITY
ADDED from src\main\AndroidManifest.xml:152:13-154:58
	android:value
		ADDED from src\main\AndroidManifest.xml:154:17-56
	android:name
		ADDED from src\main\AndroidManifest.xml:153:17-63
receiver#android.support.v4.media.session.MediaButtonReceiver
ADDED from src\main\AndroidManifest.xml:161:9-165:20
	android:name
		ADDED from src\main\AndroidManifest.xml:161:19-86
intent-filter#android.intent.action.MEDIA_BUTTON
ADDED from src\main\AndroidManifest.xml:162:13-164:29
action#android.intent.action.MEDIA_BUTTON
ADDED from src\main\AndroidManifest.xml:163:17-77
	android:name
		ADDED from src\main\AndroidManifest.xml:163:25-74
uses-sdk
INJECTED from src\main\AndroidManifest.xml reason: use-sdk injection requested
MERGED from [com.google.android.gms:play-services-cast:8.4.0] AndroidManifest.xml:18:5-42
MERGED from [com.google.android.gms:play-services-base:8.4.0] AndroidManifest.xml:18:5-42
MERGED from [com.google.android.gms:play-services-basement:8.4.0] AndroidManifest.xml:18:5-42
MERGED from [com.android.support:support-v4:23.2.0] AndroidManifest.xml:20:5-43
MERGED from [com.android.support:mediarouter-v7:23.2.0] AndroidManifest.xml:20:5-43
MERGED from [com.android.support:appcompat-v7:23.2.0] AndroidManifest.xml:21:5-23:78
MERGED from [com.android.support:support-v4:23.2.0] AndroidManifest.xml:20:5-43
MERGED from [com.android.support:animated-vector-drawable:23.2.0] AndroidManifest.xml:5:5-44
MERGED from [com.android.support:support-vector-drawable:23.2.0] AndroidManifest.xml:5:5-43
MERGED from [com.android.support:support-v4:23.2.0] AndroidManifest.xml:20:5-43
MERGED from [com.android.support:support-vector-drawable:23.2.0] AndroidManifest.xml:5:5-43
MERGED from [com.android.support:support-v4:23.2.0] AndroidManifest.xml:20:5-43
MERGED from [com.android.support:palette-v7:23.2.0] AndroidManifest.xml:20:5-43
MERGED from [com.android.support:support-v4:23.2.0] AndroidManifest.xml:20:5-43
MERGED from [com.google.android.support:wearable:1.3.0] AndroidManifest.xml:4:5-6:41
MERGED from [com.android.support:recyclerview-v7:23.2.0] AndroidManifest.xml:20:5-43
MERGED from [com.android.support:support-v4:23.2.0] AndroidManifest.xml:20:5-43
MERGED from [com.android.support:support-v4:23.2.0] AndroidManifest.xml:20:5-43
MERGED from [com.android.support:appcompat-v7:23.2.0] AndroidManifest.xml:21:5-23:78
MERGED from [com.android.support:support-v4:23.2.0] AndroidManifest.xml:20:5-43
MERGED from [com.android.support:animated-vector-drawable:23.2.0] AndroidManifest.xml:5:5-44
MERGED from [com.android.support:support-vector-drawable:23.2.0] AndroidManifest.xml:5:5-43
MERGED from [com.android.support:support-v4:23.2.0] AndroidManifest.xml:20:5-43
MERGED from [com.android.support:support-vector-drawable:23.2.0] AndroidManifest.xml:5:5-43
MERGED from [com.android.support:support-v4:23.2.0] AndroidManifest.xml:20:5-43
MERGED from [com.android.support:cardview-v7:23.2.0] AndroidManifest.xml:20:5-43
MERGED from [com.android.support:mediarouter-v7:23.2.0] AndroidManifest.xml:20:5-43
MERGED from [com.android.support:appcompat-v7:23.2.0] AndroidManifest.xml:21:5-23:78
MERGED from [com.android.support:support-v4:23.2.0] AndroidManifest.xml:20:5-43
MERGED from [com.android.support:animated-vector-drawable:23.2.0] AndroidManifest.xml:5:5-44
MERGED from [com.android.support:support-vector-drawable:23.2.0] AndroidManifest.xml:5:5-43
MERGED from [com.android.support:support-v4:23.2.0] AndroidManifest.xml:20:5-43
MERGED from [com.android.support:support-vector-drawable:23.2.0] AndroidManifest.xml:5:5-43
MERGED from [com.android.support:support-v4:23.2.0] AndroidManifest.xml:20:5-43
MERGED from [com.android.support:palette-v7:23.2.0] AndroidManifest.xml:20:5-43
MERGED from [com.android.support:support-v4:23.2.0] AndroidManifest.xml:20:5-43
MERGED from [com.android.support:leanback-v17:23.2.0] AndroidManifest.xml:20:5-44
MERGED from [com.android.support:recyclerview-v7:23.2.0] AndroidManifest.xml:20:5-43
MERGED from [com.android.support:support-v4:23.2.0] AndroidManifest.xml:20:5-43
MERGED from [com.android.support:support-v4:23.2.0] AndroidManifest.xml:20:5-43
MERGED from [com.google.android.libraries.cast.companionlibrary:ccl:2.8.1] AndroidManifest.xml:22:5-24:41
MERGED from [com.android.support:mediarouter-v7:23.2.0] AndroidManifest.xml:20:5-43
MERGED from [com.android.support:appcompat-v7:23.2.0] AndroidManifest.xml:21:5-23:78
MERGED from [com.android.support:support-v4:23.2.0] AndroidManifest.xml:20:5-43
MERGED from [com.android.support:animated-vector-drawable:23.2.0] AndroidManifest.xml:5:5-44
MERGED from [com.android.support:support-vector-drawable:23.2.0] AndroidManifest.xml:5:5-43
MERGED from [com.android.support:support-v4:23.2.0] AndroidManifest.xml:20:5-43
MERGED from [com.android.support:support-vector-drawable:23.2.0] AndroidManifest.xml:5:5-43
MERGED from [com.android.support:support-v4:23.2.0] AndroidManifest.xml:20:5-43
MERGED from [com.android.support:palette-v7:23.2.0] AndroidManifest.xml:20:5-43
MERGED from [com.android.support:support-v4:23.2.0] AndroidManifest.xml:20:5-43
MERGED from [com.android.support:appcompat-v7:23.2.0] AndroidManifest.xml:21:5-23:78
MERGED from [com.android.support:support-v4:23.2.0] AndroidManifest.xml:20:5-43
MERGED from [com.android.support:animated-vector-drawable:23.2.0] AndroidManifest.xml:5:5-44
MERGED from [com.android.support:support-vector-drawable:23.2.0] AndroidManifest.xml:5:5-43
MERGED from [com.android.support:support-v4:23.2.0] AndroidManifest.xml:20:5-43
MERGED from [com.android.support:support-vector-drawable:23.2.0] AndroidManifest.xml:5:5-43
MERGED from [com.android.support:support-v4:23.2.0] AndroidManifest.xml:20:5-43
MERGED from [com.google.android.gms:play-services-cast:8.4.0] AndroidManifest.xml:18:5-42
MERGED from [com.google.android.gms:play-services-base:8.4.0] AndroidManifest.xml:18:5-42
MERGED from [com.google.android.gms:play-services-basement:8.4.0] AndroidManifest.xml:18:5-42
MERGED from [com.android.support:support-v4:23.2.0] AndroidManifest.xml:20:5-43
MERGED from [com.android.support:mediarouter-v7:23.2.0] AndroidManifest.xml:20:5-43
MERGED from [com.android.support:appcompat-v7:23.2.0] AndroidManifest.xml:21:5-23:78
MERGED from [com.android.support:support-v4:23.2.0] AndroidManifest.xml:20:5-43
MERGED from [com.android.support:animated-vector-drawable:23.2.0] AndroidManifest.xml:5:5-44
MERGED from [com.android.support:support-vector-drawable:23.2.0] AndroidManifest.xml:5:5-43
MERGED from [com.android.support:support-v4:23.2.0] AndroidManifest.xml:20:5-43
MERGED from [com.android.support:support-vector-drawable:23.2.0] AndroidManifest.xml:5:5-43
MERGED from [com.android.support:support-v4:23.2.0] AndroidManifest.xml:20:5-43
MERGED from [com.android.support:palette-v7:23.2.0] AndroidManifest.xml:20:5-43
MERGED from [com.android.support:support-v4:23.2.0] AndroidManifest.xml:20:5-43
MERGED from [com.android.support:design:23.2.0] AndroidManifest.xml:20:5-43
MERGED from [com.android.support:recyclerview-v7:23.2.0] AndroidManifest.xml:20:5-43
MERGED from [com.android.support:support-v4:23.2.0] AndroidManifest.xml:20:5-43
MERGED from [com.android.support:appcompat-v7:23.2.0] AndroidManifest.xml:21:5-23:78
MERGED from [com.android.support:support-v4:23.2.0] AndroidManifest.xml:20:5-43
MERGED from [com.android.support:animated-vector-drawable:23.2.0] AndroidManifest.xml:5:5-44
MERGED from [com.android.support:support-vector-drawable:23.2.0] AndroidManifest.xml:5:5-43
MERGED from [com.android.support:support-v4:23.2.0] AndroidManifest.xml:20:5-43
MERGED from [com.android.support:support-vector-drawable:23.2.0] AndroidManifest.xml:5:5-43
MERGED from [com.android.support:support-v4:23.2.0] AndroidManifest.xml:20:5-43
MERGED from [com.android.support:support-v4:23.2.0] AndroidManifest.xml:20:5-43
	tools:overrideLibrary
		ADDED from [com.android.support:appcompat-v7:23.2.0] AndroidManifest.xml:23:9-75
	android:targetSdkVersion
		INJECTED from src\main\AndroidManifest.xml
		INJECTED from src\main\AndroidManifest.xml
	android:minSdkVersion
		INJECTED from src\main\AndroidManifest.xml
		INJECTED from src\main\AndroidManifest.xml